<?xml version="1.0" encoding="UTF-8"?>
<testsuite xmlns:xsi="http://www.w3.org/2001/XMLSchema-instance" xsi:noNamespaceSchemaLocation="https://maven.apache.org/surefire/maven-surefire-plugin/xsd/surefire-test-report.xsd" name="com.mall.cart.CartControllerAppTests" time="2.19" tests="1" errors="0" skipped="0" failures="0">
  <properties>
    <property name="sun.desktop" value="windows"/>
    <property name="awt.toolkit" value="sun.awt.windows.WToolkit"/>
    <property name="file.encoding.pkg" value="sun.io"/>
    <property name="java.specification.version" value="1.8"/>
    <property name="sun.cpu.isalist" value="amd64"/>
    <property name="sun.jnu.encoding" value="GBK"/>
    <property name="java.class.path" value="E:\tool\IdeaProjects\mall-parent\mall-cart\mall-cart-controller\target\test-classes;E:\tool\IdeaProjects\mall-parent\mall-cart\mall-cart-controller\target\classes;E:\tool\IdeaProjects\mall-parent\mall-cart\mall-cart-interface\target\mall-cart-interface-0.0.1-SNAPSHOT.jar;E:\tool\repo\org\springframework\boot\spring-boot-starter-web\2.2.1.RELEASE\spring-boot-starter-web-2.2.1.RELEASE.jar;E:\tool\repo\org\springframework\boot\spring-boot-starter\2.7.5\spring-boot-starter-2.7.5.jar;E:\tool\repo\org\springframework\boot\spring-boot\2.7.5\spring-boot-2.7.5.jar;E:\tool\repo\org\springframework\boot\spring-boot-autoconfigure\2.7.5\spring-boot-autoconfigure-2.7.5.jar;E:\tool\repo\org\springframework\boot\spring-boot-starter-logging\2.7.5\spring-boot-starter-logging-2.7.5.jar;E:\tool\repo\ch\qos\logback\logback-classic\1.2.11\logback-classic-1.2.11.jar;E:\tool\repo\ch\qos\logback\logback-core\1.2.11\logback-core-1.2.11.jar;E:\tool\repo\org\apache\logging\log4j\log4j-to-slf4j\2.17.2\log4j-to-slf4j-2.17.2.jar;E:\tool\repo\org\apache\logging\log4j\log4j-api\2.17.2\log4j-api-2.17.2.jar;E:\tool\repo\org\slf4j\jul-to-slf4j\1.7.36\jul-to-slf4j-1.7.36.jar;E:\tool\repo\jakarta\annotation\jakarta.annotation-api\1.3.5\jakarta.annotation-api-1.3.5.jar;E:\tool\repo\org\yaml\snakeyaml\1.30\snakeyaml-1.30.jar;E:\tool\repo\org\springframework\boot\spring-boot-starter-json\2.7.5\spring-boot-starter-json-2.7.5.jar;E:\tool\repo\com\fasterxml\jackson\core\jackson-databind\2.13.4.2\jackson-databind-2.13.4.2.jar;E:\tool\repo\com\fasterxml\jackson\core\jackson-annotations\2.13.4\jackson-annotations-2.13.4.jar;E:\tool\repo\com\fasterxml\jackson\core\jackson-core\2.13.4\jackson-core-2.13.4.jar;E:\tool\repo\com\fasterxml\jackson\datatype\jackson-datatype-jdk8\2.13.4\jackson-datatype-jdk8-2.13.4.jar;E:\tool\repo\com\fasterxml\jackson\datatype\jackson-datatype-jsr310\2.13.4\jackson-datatype-jsr310-2.13.4.jar;E:\tool\repo\com\fasterxml\jackson\module\jackson-module-parameter-names\2.13.4\jackson-module-parameter-names-2.13.4.jar;E:\tool\repo\org\springframework\boot\spring-boot-starter-tomcat\2.7.5\spring-boot-starter-tomcat-2.7.5.jar;E:\tool\repo\org\apache\tomcat\embed\tomcat-embed-core\9.0.68\tomcat-embed-core-9.0.68.jar;E:\tool\repo\org\apache\tomcat\embed\tomcat-embed-el\9.0.68\tomcat-embed-el-9.0.68.jar;E:\tool\repo\org\apache\tomcat\embed\tomcat-embed-websocket\9.0.68\tomcat-embed-websocket-9.0.68.jar;E:\tool\repo\org\springframework\boot\spring-boot-starter-validation\2.7.5\spring-boot-starter-validation-2.7.5.jar;E:\tool\repo\org\hibernate\validator\hibernate-validator\6.2.5.Final\hibernate-validator-6.2.5.Final.jar;E:\tool\repo\jakarta\validation\jakarta.validation-api\2.0.2\jakarta.validation-api-2.0.2.jar;E:\tool\repo\org\jboss\logging\jboss-logging\3.4.3.Final\jboss-logging-3.4.3.Final.jar;E:\tool\repo\com\fasterxml\classmate\1.5.1\classmate-1.5.1.jar;E:\tool\repo\org\springframework\spring-web\5.3.23\spring-web-5.3.23.jar;E:\tool\repo\org\springframework\spring-beans\5.3.23\spring-beans-5.3.23.jar;E:\tool\repo\org\springframework\spring-webmvc\5.3.23\spring-webmvc-5.3.23.jar;E:\tool\repo\org\springframework\spring-aop\5.3.23\spring-aop-5.3.23.jar;E:\tool\repo\org\springframework\spring-context\5.3.23\spring-context-5.3.23.jar;E:\tool\repo\org\springframework\spring-expression\5.3.23\spring-expression-5.3.23.jar;E:\tool\repo\org\springframework\boot\spring-boot-starter-test\2.7.5\spring-boot-starter-test-2.7.5.jar;E:\tool\repo\org\springframework\boot\spring-boot-test\2.7.5\spring-boot-test-2.7.5.jar;E:\tool\repo\org\springframework\boot\spring-boot-test-autoconfigure\2.7.5\spring-boot-test-autoconfigure-2.7.5.jar;E:\tool\repo\com\jayway\jsonpath\json-path\2.7.0\json-path-2.7.0.jar;E:\tool\repo\net\minidev\json-smart\2.4.8\json-smart-2.4.8.jar;E:\tool\repo\net\minidev\accessors-smart\2.4.8\accessors-smart-2.4.8.jar;E:\tool\repo\org\ow2\asm\asm\9.1\asm-9.1.jar;E:\tool\repo\org\slf4j\slf4j-api\1.7.36\slf4j-api-1.7.36.jar;E:\tool\repo\jakarta\xml\bind\jakarta.xml.bind-api\2.3.3\jakarta.xml.bind-api-2.3.3.jar;E:\tool\repo\jakarta\activation\jakarta.activation-api\1.2.2\jakarta.activation-api-1.2.2.jar;E:\tool\repo\org\assertj\assertj-core\3.22.0\assertj-core-3.22.0.jar;E:\tool\repo\org\hamcrest\hamcrest\2.2\hamcrest-2.2.jar;E:\tool\repo\org\junit\jupiter\junit-jupiter\5.8.2\junit-jupiter-5.8.2.jar;E:\tool\repo\org\junit\jupiter\junit-jupiter-api\5.8.2\junit-jupiter-api-5.8.2.jar;E:\tool\repo\org\opentest4j\opentest4j\1.2.0\opentest4j-1.2.0.jar;E:\tool\repo\org\junit\platform\junit-platform-commons\1.8.2\junit-platform-commons-1.8.2.jar;E:\tool\repo\org\apiguardian\apiguardian-api\1.1.2\apiguardian-api-1.1.2.jar;E:\tool\repo\org\junit\jupiter\junit-jupiter-params\5.8.2\junit-jupiter-params-5.8.2.jar;E:\tool\repo\org\junit\jupiter\junit-jupiter-engine\5.8.2\junit-jupiter-engine-5.8.2.jar;E:\tool\repo\org\junit\platform\junit-platform-engine\1.8.2\junit-platform-engine-1.8.2.jar;E:\tool\repo\org\mockito\mockito-core\4.5.1\mockito-core-4.5.1.jar;E:\tool\repo\net\bytebuddy\byte-buddy\1.12.18\byte-buddy-1.12.18.jar;E:\tool\repo\net\bytebuddy\byte-buddy-agent\1.12.18\byte-buddy-agent-1.12.18.jar;E:\tool\repo\org\objenesis\objenesis\3.2\objenesis-3.2.jar;E:\tool\repo\org\mockito\mockito-junit-jupiter\4.5.1\mockito-junit-jupiter-4.5.1.jar;E:\tool\repo\org\skyscreamer\jsonassert\1.5.1\jsonassert-1.5.1.jar;E:\tool\repo\com\vaadin\external\google\android-json\0.0.20131108.vaadin1\android-json-0.0.20131108.vaadin1.jar;E:\tool\repo\org\springframework\spring-core\5.3.23\spring-core-5.3.23.jar;E:\tool\repo\org\springframework\spring-jcl\5.3.23\spring-jcl-5.3.23.jar;E:\tool\repo\org\springframework\spring-test\5.3.23\spring-test-5.3.23.jar;E:\tool\repo\org\xmlunit\xmlunit-core\2.9.0\xmlunit-core-2.9.0.jar;"/>
    <property name="java.vm.vendor" value="Oracle Corporation"/>
    <property name="sun.arch.data.model" value="64"/>
    <property name="user.variant" value=""/>
    <property name="java.vendor.url" value="http://java.oracle.com/"/>
    <property name="user.timezone" value="Asia/Shanghai"/>
    <property name="java.vm.specification.version" value="1.8"/>
    <property name="os.name" value="Windows 10"/>
    <property name="user.country" value="CN"/>
    <property name="sun.java.launcher" value="SUN_STANDARD"/>
    <property name="sun.boot.library.path" value="D:\Program Files\Java\jdk1.8.0_202\jre\bin"/>
    <property name="sun.java.command" value="C:\Users\27759\AppData\Local\Temp\surefire9071555105480025452\surefirebooter3013214100289834935.jar C:\Users\27759\AppData\Local\Temp\surefire9071555105480025452 2025-02-13T16-31-07_803-jvmRun1 surefire8873412122825212285tmp surefire_05299286289459251494tmp"/>
    <property name="surefire.test.class.path" value="E:\tool\IdeaProjects\mall-parent\mall-cart\mall-cart-controller\target\test-classes;E:\tool\IdeaProjects\mall-parent\mall-cart\mall-cart-controller\target\classes;E:\tool\IdeaProjects\mall-parent\mall-cart\mall-cart-interface\target\mall-cart-interface-0.0.1-SNAPSHOT.jar;E:\tool\repo\org\springframework\boot\spring-boot-starter-web\2.2.1.RELEASE\spring-boot-starter-web-2.2.1.RELEASE.jar;E:\tool\repo\org\springframework\boot\spring-boot-starter\2.7.5\spring-boot-starter-2.7.5.jar;E:\tool\repo\org\springframework\boot\spring-boot\2.7.5\spring-boot-2.7.5.jar;E:\tool\repo\org\springframework\boot\spring-boot-autoconfigure\2.7.5\spring-boot-autoconfigure-2.7.5.jar;E:\tool\repo\org\springframework\boot\spring-boot-starter-logging\2.7.5\spring-boot-starter-logging-2.7.5.jar;E:\tool\repo\ch\qos\logback\logback-classic\1.2.11\logback-classic-1.2.11.jar;E:\tool\repo\ch\qos\logback\logback-core\1.2.11\logback-core-1.2.11.jar;E:\tool\repo\org\apache\logging\log4j\log4j-to-slf4j\2.17.2\log4j-to-slf4j-2.17.2.jar;E:\tool\repo\org\apache\logging\log4j\log4j-api\2.17.2\log4j-api-2.17.2.jar;E:\tool\repo\org\slf4j\jul-to-slf4j\1.7.36\jul-to-slf4j-1.7.36.jar;E:\tool\repo\jakarta\annotation\jakarta.annotation-api\1.3.5\jakarta.annotation-api-1.3.5.jar;E:\tool\repo\org\yaml\snakeyaml\1.30\snakeyaml-1.30.jar;E:\tool\repo\org\springframework\boot\spring-boot-starter-json\2.7.5\spring-boot-starter-json-2.7.5.jar;E:\tool\repo\com\fasterxml\jackson\core\jackson-databind\2.13.4.2\jackson-databind-2.13.4.2.jar;E:\tool\repo\com\fasterxml\jackson\core\jackson-annotations\2.13.4\jackson-annotations-2.13.4.jar;E:\tool\repo\com\fasterxml\jackson\core\jackson-core\2.13.4\jackson-core-2.13.4.jar;E:\tool\repo\com\fasterxml\jackson\datatype\jackson-datatype-jdk8\2.13.4\jackson-datatype-jdk8-2.13.4.jar;E:\tool\repo\com\fasterxml\jackson\datatype\jackson-datatype-jsr310\2.13.4\jackson-datatype-jsr310-2.13.4.jar;E:\tool\repo\com\fasterxml\jackson\module\jackson-module-parameter-names\2.13.4\jackson-module-parameter-names-2.13.4.jar;E:\tool\repo\org\springframework\boot\spring-boot-starter-tomcat\2.7.5\spring-boot-starter-tomcat-2.7.5.jar;E:\tool\repo\org\apache\tomcat\embed\tomcat-embed-core\9.0.68\tomcat-embed-core-9.0.68.jar;E:\tool\repo\org\apache\tomcat\embed\tomcat-embed-el\9.0.68\tomcat-embed-el-9.0.68.jar;E:\tool\repo\org\apache\tomcat\embed\tomcat-embed-websocket\9.0.68\tomcat-embed-websocket-9.0.68.jar;E:\tool\repo\org\springframework\boot\spring-boot-starter-validation\2.7.5\spring-boot-starter-validation-2.7.5.jar;E:\tool\repo\org\hibernate\validator\hibernate-validator\6.2.5.Final\hibernate-validator-6.2.5.Final.jar;E:\tool\repo\jakarta\validation\jakarta.validation-api\2.0.2\jakarta.validation-api-2.0.2.jar;E:\tool\repo\org\jboss\logging\jboss-logging\3.4.3.Final\jboss-logging-3.4.3.Final.jar;E:\tool\repo\com\fasterxml\classmate\1.5.1\classmate-1.5.1.jar;E:\tool\repo\org\springframework\spring-web\5.3.23\spring-web-5.3.23.jar;E:\tool\repo\org\springframework\spring-beans\5.3.23\spring-beans-5.3.23.jar;E:\tool\repo\org\springframework\spring-webmvc\5.3.23\spring-webmvc-5.3.23.jar;E:\tool\repo\org\springframework\spring-aop\5.3.23\spring-aop-5.3.23.jar;E:\tool\repo\org\springframework\spring-context\5.3.23\spring-context-5.3.23.jar;E:\tool\repo\org\springframework\spring-expression\5.3.23\spring-expression-5.3.23.jar;E:\tool\repo\org\springframework\boot\spring-boot-starter-test\2.7.5\spring-boot-starter-test-2.7.5.jar;E:\tool\repo\org\springframework\boot\spring-boot-test\2.7.5\spring-boot-test-2.7.5.jar;E:\tool\repo\org\springframework\boot\spring-boot-test-autoconfigure\2.7.5\spring-boot-test-autoconfigure-2.7.5.jar;E:\tool\repo\com\jayway\jsonpath\json-path\2.7.0\json-path-2.7.0.jar;E:\tool\repo\net\minidev\json-smart\2.4.8\json-smart-2.4.8.jar;E:\tool\repo\net\minidev\accessors-smart\2.4.8\accessors-smart-2.4.8.jar;E:\tool\repo\org\ow2\asm\asm\9.1\asm-9.1.jar;E:\tool\repo\org\slf4j\slf4j-api\1.7.36\slf4j-api-1.7.36.jar;E:\tool\repo\jakarta\xml\bind\jakarta.xml.bind-api\2.3.3\jakarta.xml.bind-api-2.3.3.jar;E:\tool\repo\jakarta\activation\jakarta.activation-api\1.2.2\jakarta.activation-api-1.2.2.jar;E:\tool\repo\org\assertj\assertj-core\3.22.0\assertj-core-3.22.0.jar;E:\tool\repo\org\hamcrest\hamcrest\2.2\hamcrest-2.2.jar;E:\tool\repo\org\junit\jupiter\junit-jupiter\5.8.2\junit-jupiter-5.8.2.jar;E:\tool\repo\org\junit\jupiter\junit-jupiter-api\5.8.2\junit-jupiter-api-5.8.2.jar;E:\tool\repo\org\opentest4j\opentest4j\1.2.0\opentest4j-1.2.0.jar;E:\tool\repo\org\junit\platform\junit-platform-commons\1.8.2\junit-platform-commons-1.8.2.jar;E:\tool\repo\org\apiguardian\apiguardian-api\1.1.2\apiguardian-api-1.1.2.jar;E:\tool\repo\org\junit\jupiter\junit-jupiter-params\5.8.2\junit-jupiter-params-5.8.2.jar;E:\tool\repo\org\junit\jupiter\junit-jupiter-engine\5.8.2\junit-jupiter-engine-5.8.2.jar;E:\tool\repo\org\junit\platform\junit-platform-engine\1.8.2\junit-platform-engine-1.8.2.jar;E:\tool\repo\org\mockito\mockito-core\4.5.1\mockito-core-4.5.1.jar;E:\tool\repo\net\bytebuddy\byte-buddy\1.12.18\byte-buddy-1.12.18.jar;E:\tool\repo\net\bytebuddy\byte-buddy-agent\1.12.18\byte-buddy-agent-1.12.18.jar;E:\tool\repo\org\objenesis\objenesis\3.2\objenesis-3.2.jar;E:\tool\repo\org\mockito\mockito-junit-jupiter\4.5.1\mockito-junit-jupiter-4.5.1.jar;E:\tool\repo\org\skyscreamer\jsonassert\1.5.1\jsonassert-1.5.1.jar;E:\tool\repo\com\vaadin\external\google\android-json\0.0.20131108.vaadin1\android-json-0.0.20131108.vaadin1.jar;E:\tool\repo\org\springframework\spring-core\5.3.23\spring-core-5.3.23.jar;E:\tool\repo\org\springframework\spring-jcl\5.3.23\spring-jcl-5.3.23.jar;E:\tool\repo\org\springframework\spring-test\5.3.23\spring-test-5.3.23.jar;E:\tool\repo\org\xmlunit\xmlunit-core\2.9.0\xmlunit-core-2.9.0.jar;"/>
    <property name="sun.cpu.endian" value="little"/>
    <property name="user.home" value="C:\Users\27759"/>
    <property name="user.language" value="zh"/>
    <property name="java.specification.vendor" value="Oracle Corporation"/>
    <property name="java.home" value="D:\Program Files\Java\jdk1.8.0_202\jre"/>
    <property name="basedir" value="E:\tool\IdeaProjects\mall-parent\mall-cart\mall-cart-controller"/>
    <property name="file.separator" value="\"/>
    <property name="line.separator" value="&#10;"/>
    <property name="java.vm.specification.vendor" value="Oracle Corporation"/>
    <property name="java.specification.name" value="Java Platform API Specification"/>
    <property name="java.awt.graphicsenv" value="sun.awt.Win32GraphicsEnvironment"/>
    <property name="surefire.real.class.path" value="C:\Users\27759\AppData\Local\Temp\surefire9071555105480025452\surefirebooter3013214100289834935.jar"/>
    <property name="sun.boot.class.path" value="D:\Program Files\Java\jdk1.8.0_202\jre\lib\resources.jar;D:\Program Files\Java\jdk1.8.0_202\jre\lib\rt.jar;D:\Program Files\Java\jdk1.8.0_202\jre\lib\sunrsasign.jar;D:\Program Files\Java\jdk1.8.0_202\jre\lib\jsse.jar;D:\Program Files\Java\jdk1.8.0_202\jre\lib\jce.jar;D:\Program Files\Java\jdk1.8.0_202\jre\lib\charsets.jar;D:\Program Files\Java\jdk1.8.0_202\jre\lib\jfr.jar;D:\Program Files\Java\jdk1.8.0_202\jre\classes"/>
    <property name="user.script" value=""/>
    <property name="sun.management.compiler" value="HotSpot 64-Bit Tiered Compilers"/>
    <property name="java.runtime.version" value="1.8.0_202-b08"/>
    <property name="user.name" value="hsy"/>
    <property name="path.separator" value=";"/>
    <property name="os.version" value="10.0"/>
    <property name="java.endorsed.dirs" value="D:\Program Files\Java\jdk1.8.0_202\jre\lib\endorsed"/>
    <property name="java.runtime.name" value="Java(TM) SE Runtime Environment"/>
    <property name="file.encoding" value="GBK"/>
    <property name="java.vm.name" value="Java HotSpot(TM) 64-Bit Server VM"/>
    <property name="localRepository" value="E:\tool\repo"/>
    <property name="java.vendor.url.bug" value="http://bugreport.sun.com/bugreport/"/>
    <property name="java.io.tmpdir" value="C:\Users\27759\AppData\Local\Temp\"/>
    <property name="idea.version" value="2023.1.3"/>
    <property name="java.version" value="1.8.0_202"/>
    <property name="user.dir" value="E:\tool\IdeaProjects\mall-parent\mall-cart\mall-cart-controller"/>
    <property name="os.arch" value="amd64"/>
    <property name="java.vm.specification.name" value="Java Virtual Machine Specification"/>
    <property name="java.awt.printerjob" value="sun.awt.windows.WPrinterJob"/>
    <property name="sun.os.patch.level" value=""/>
    <property name="java.library.path" value="D:\Program Files\Java\jdk1.8.0_202\jre\bin;C:\Windows\Sun\Java\bin;C:\Windows\system32;C:\Windows;C:\Windows\system32;C:\Windows;C:\Windows\System32\Wbem;C:\Windows\System32\WindowsPowerShell\v1.0\;C:\Windows\System32\OpenSSH\;D:\tools\nvm\nvm;D:\tools\nodejs;D:\Program Files\Git\cmd;C:\Users\27759\AppData\Local\Microsoft\WindowsApps;D:\Users\27759\AppData\Local\Programs\Microsoft VS Code\bin;D:\Program Files\Java\jdk1.8.0_202\bin;&quot;D:\Program Files\Java\jdk-17\bin;&quot;;D:\Program Files\Java\jdk1.8.0_202\jre\bin;E:\tool\apache-maven-3.9.3\bin;D:\tools\nvm\nvm;D:\tools\nodejs;E:\tool\nodejs\node_global;D:\Python27;;."/>
    <property name="java.vm.info" value="mixed mode"/>
    <property name="java.vendor" value="Oracle Corporation"/>
    <property name="java.vm.version" value="25.202-b08"/>
    <property name="java.ext.dirs" value="D:\Program Files\Java\jdk1.8.0_202\jre\lib\ext;C:\Windows\Sun\Java\lib\ext"/>
    <property name="sun.io.unicode.encoding" value="UnicodeLittle"/>
    <property name="java.class.version" value="52.0"/>
  </properties>
  <testcase name="contextLoads" classname="com.mall.cart.CartControllerAppTests" time="0.156"/>
</testsuite>